<?xml version="1.0" encoding="UTF-8"?>
<!-- Generated by org.testng.reporters.JUnitReportReporter -->
<testsuite hostname="Hirals-Laptop" failures="0" tests="2" name="cv.library.uk.testsuite.JobSearchTest" time="60.694" errors="0" timestamp="2023-06-30T23:23:12 BST" skipped="0">
  <testcase classname="cv.library.uk.testsuite.JobSearchTest" name="verifyJobSearchResultUsingDifferentDataSet" time="31.546"/>
  <system-out/>
  <testcase classname="cv.library.uk.testsuite.JobSearchTest" name="verifyJobSearchResultUsingDifferentDataSet" time="29.148"/>
  <system-out/>
</testsuite> <!-- cv.library.uk.testsuite.JobSearchTest -->
