<?xml version="1.0" encoding="UTF-8"?>
<!-- Generated by org.testng.reporters.JUnitReportReporter -->
<testsuite hostname="Hirals-Laptop" failures="0" tests="2" name="cv.library.uk.testsuite.JobSearchTest" time="62.111" errors="0" timestamp="2023-07-01T00:11:56 BST" skipped="0">
  <testcase classname="cv.library.uk.testsuite.JobSearchTest" name="verifyJobSearchResultUsingDifferentDataSet" time="32.532"/>
  <system-out/>
  <testcase classname="cv.library.uk.testsuite.JobSearchTest" name="verifyJobSearchResultUsingDifferentDataSet" time="29.579"/>
  <system-out/>
</testsuite> <!-- cv.library.uk.testsuite.JobSearchTest -->
