<?xml version="1.0" encoding="UTF-8"?>
<!-- Generated by org.testng.reporters.JUnitReportReporter -->
<testsuite hostname="Hirals-Laptop" failures="0" tests="3" name="gov.uk.check.visa.testsuite.VisaConfirmationTest" time="12.431" errors="0" timestamp="2023-06-30T22:01:10 BST" skipped="0">
  <testcase classname="gov.uk.check.visa.testsuite.VisaConfirmationTest" name="aChileanComingToTheUKForWorkAndPlansOnStayingForLongerThanSixMonths" time="3.700"/>
  <system-out/>
  <testcase classname="gov.uk.check.visa.testsuite.VisaConfirmationTest" name="anAustralianCominToUKForTourism" time="3.164"/>
  <system-out/>
  <testcase classname="gov.uk.check.visa.testsuite.VisaConfirmationTest" name="aColumbianNationalComingToTheUKToJoinAPartnerForALongStayTheyDoHaveAnArticle10Or20Card" time="5.567"/>
  <system-out/>
</testsuite> <!-- gov.uk.check.visa.testsuite.VisaConfirmationTest -->
